# JRE version: OpenJDK Runtime Environment (8.0_352-b08) (build 1.8.0_352-internal-b08)
# Java VM: OpenJDK 64-Bit Server VM (25.352-b08 mixed mode bsd-amd64 compressed oops)
Heap:
 PSYoungGen      total 717312K, used 452194K [0x0000000715580000, 0x0000000746e00000, 0x00000007c0000000)
  eden space 636416K, 64% used [0x0000000715580000,0x000000072e47a9a8,0x000000073c300000)
  from space 80896K, 53% used [0x0000000741f00000,0x000000074499def0,0x0000000746e00000)
  to   space 87552K, 0% used [0x000000073c300000,0x000000073c300000,0x0000000741880000)
 ParOldGen       total 212480K, used 112778K [0x00000005c0000000, 0x00000005ccf80000, 0x0000000715580000)
  object space 212480K, 53% used [0x00000005c0000000,0x00000005c6e22a18,0x00000005ccf80000)
 Metaspace       used 31363K, capacity 31697K, committed 32128K, reserved 1077248K
  class space    used 3805K, capacity 3925K, committed 3968K, reserved 1048576K
GC Heap History (10 events):
Event: 3.186 GC heap before
{Heap before GC invocations=6 (full 2):
 PSYoungGen      total 284672K, used 21500K [0x0000000715580000, 0x0000000728080000, 0x00000007c0000000)
  eden space 263168K, 0% used [0x0000000715580000,0x0000000715580000,0x0000000725680000)
  from space 21504K, 99% used [0x0000000726b80000,0x000000072807f3f8,0x0000000728080000)
  to   space 21504K, 0% used [0x0000000725680000,0x0000000725680000,0x0000000726b80000)
 ParOldGen       total 349696K, used 9253K [0x00000005c0000000, 0x00000005d5580000, 0x0000000715580000)
  object space 349696K, 2% used [0x00000005c0000000,0x00000005c09095d0,0x00000005d5580000)
 Metaspace       used 20768K, capacity 20978K, committed 21248K, reserved 1067008K
  class space    used 2602K, capacity 2697K, committed 2816K, reserved 1048576K
Event: 3.217 GC heap after
Heap after GC invocations=6 (full 2):
 PSYoungGen      total 284672K, used 0K [0x0000000715580000, 0x0000000728080000, 0x00000007c0000000)
  eden space 263168K, 0% used [0x0000000715580000,0x0000000715580000,0x0000000725680000)
  from space 21504K, 0% used [0x0000000726b80000,0x0000000726b80000,0x0000000728080000)
  to   space 21504K, 0% used [0x0000000725680000,0x0000000725680000,0x0000000726b80000)
 ParOldGen       total 212480K, used 27574K [0x00000005c0000000, 0x00000005ccf80000, 0x0000000715580000)
  object space 212480K, 12% used [0x00000005c0000000,0x00000005c1aeda48,0x00000005ccf80000)
 Metaspace       used 20768K, capacity 20978K, committed 21248K, reserved 1067008K
  class space    used 2602K, capacity 2697K, committed 2816K, reserved 1048576K
}
Event: 4.708 GC heap before
{Heap before GC invocations=7 (full 2):
 PSYoungGen      total 284672K, used 263168K [0x0000000715580000, 0x0000000728080000, 0x00000007c0000000)
  eden space 263168K, 100% used [0x0000000715580000,0x0000000725680000,0x0000000725680000)
  from space 21504K, 0% used [0x0000000726b80000,0x0000000726b80000,0x0000000728080000)
  to   space 21504K, 0% used [0x0000000725680000,0x0000000725680000,0x0000000726b80000)
 ParOldGen       total 212480K, used 27574K [0x00000005c0000000, 0x00000005ccf80000, 0x0000000715580000)
  object space 212480K, 12% used [0x00000005c0000000,0x00000005c1aeda48,0x00000005ccf80000)
 Metaspace       used 25432K, capacity 25617K, committed 25984K, reserved 1073152K
  class space    used 3098K, capacity 3147K, committed 3200K, reserved 1048576K
Event: 4.726 GC heap after
Heap after GC invocations=7 (full 2):
 PSYoungGen      total 284672K, used 21500K [0x0000000715580000, 0x0000000731b00000, 0x00000007c0000000)
  eden space 263168K, 0% used [0x0000000715580000,0x0000000715580000,0x0000000725680000)
  from space 21504K, 99% used [0x0000000725680000,0x0000000726b7f390,0x0000000726b80000)
  to   space 21504K, 0% used [0x0000000730600000,0x0000000730600000,0x0000000731b00000)
 ParOldGen       total 212480K, used 31834K [0x00000005c0000000, 0x00000005ccf80000, 0x0000000715580000)
  object space 212480K, 14% used [0x00000005c0000000,0x00000005c1f16b78,0x00000005ccf80000)
 Metaspace       used 25432K, capacity 25617K, committed 25984K, reserved 1073152K
  class space    used 3098K, capacity 3147K, committed 3200K, reserved 1048576K
}
Event: 6.537 GC heap before
{Heap before GC invocations=8 (full 2):
 PSYoungGen      total 284672K, used 284668K [0x0000000715580000, 0x0000000731b00000, 0x00000007c0000000)
  eden space 263168K, 100% used [0x0000000715580000,0x0000000725680000,0x0000000725680000)
  from space 21504K, 99% used [0x0000000725680000,0x0000000726b7f390,0x0000000726b80000)
  to   space 21504K, 0% used [0x0000000730600000,0x0000000730600000,0x0000000731b00000)
 ParOldGen       total 212480K, used 31834K [0x00000005c0000000, 0x00000005ccf80000, 0x0000000715580000)
  object space 212480K, 14% used [0x00000005c0000000,0x00000005c1f16b78,0x00000005ccf80000)
 Metaspace       used 25458K, capacity 25617K, committed 25984K, reserved 1073152K
  class space    used 3098K, capacity 3147K, committed 3200K, reserved 1048576K
Event: 6.581 GC heap after
Heap after GC invocations=8 (full 2):
 PSYoungGen      total 405504K, used 21499K [0x0000000715580000, 0x0000000736880000, 0x00000007c0000000)
  eden space 384000K, 0% used [0x0000000715580000,0x0000000715580000,0x000000072cc80000)
  from space 21504K, 99% used [0x0000000730600000,0x0000000731afeca8,0x0000000731b00000)
  to   space 58880K, 0% used [0x000000072cc80000,0x000000072cc80000,0x0000000730600000)
 ParOldGen       total 212480K, used 74130K [0x00000005c0000000, 0x00000005ccf80000, 0x0000000715580000)
  object space 212480K, 34% used [0x00000005c0000000,0x00000005c4864ad8,0x00000005ccf80000)
 Metaspace       used 25458K, capacity 25617K, committed 25984K, reserved 1073152K
  class space    used 3098K, capacity 3147K, committed 3200K, reserved 1048576K
}
Event: 8.275 GC heap before
{Heap before GC invocations=9 (full 2):
 PSYoungGen      total 405504K, used 405499K [0x0000000715580000, 0x0000000736880000, 0x00000007c0000000)
  eden space 384000K, 100% used [0x0000000715580000,0x000000072cc80000,0x000000072cc80000)
  from space 21504K, 99% used [0x0000000730600000,0x0000000731afeca8,0x0000000731b00000)
  to   space 58880K, 0% used [0x000000072cc80000,0x000000072cc80000,0x0000000730600000)
 ParOldGen       total 212480K, used 74130K [0x00000005c0000000, 0x00000005ccf80000, 0x0000000715580000)
  object space 212480K, 34% used [0x00000005c0000000,0x00000005c4864ad8,0x00000005ccf80000)
 Metaspace       used 25937K, capacity 26193K, committed 26624K, reserved 1073152K
  class space    used 3153K, capacity 3275K, committed 3328K, reserved 1048576K
Event: 8.341 GC heap after
Heap after GC invocations=9 (full 2):
 PSYoungGen      total 442880K, used 58879K [0x0000000715580000, 0x0000000747780000, 0x00000007c0000000)
  eden space 384000K, 0% used [0x0000000715580000,0x0000000715580000,0x000000072cc80000)
  from space 58880K, 99% used [0x000000072cc80000,0x00000007305ffdf8,0x0000000730600000)
  to   space 90624K, 0% used [0x0000000741f00000,0x0000000741f00000,0x0000000747780000)
 ParOldGen       total 212480K, used 112770K [0x00000005c0000000, 0x00000005ccf80000, 0x0000000715580000)
  object space 212480K, 53% used [0x00000005c0000000,0x00000005c6e20a18,0x00000005ccf80000)
 Metaspace       used 25937K, capacity 26193K, committed 26624K, reserved 1073152K
  class space    used 3153K, capacity 3275K, committed 3328K, reserved 1048576K
}
Event: 9.891 GC heap before
{Heap before GC invocations=10 (full 2):
 PSYoungGen      total 442880K, used 441007K [0x0000000715580000, 0x0000000747780000, 0x00000007c0000000)
  eden space 384000K, 99% used [0x0000000715580000,0x000000072caac0c0,0x000000072cc80000)
  from space 58880K, 99% used [0x000000072cc80000,0x00000007305ffdf8,0x0000000730600000)
  to   space 90624K, 0% used [0x0000000741f00000,0x0000000741f00000,0x0000000747780000)
 ParOldGen       total 212480K, used 112770K [0x00000005c0000000, 0x00000005ccf80000, 0x0000000715580000)
  object space 212480K, 53% used [0x00000005c0000000,0x00000005c6e20a18,0x00000005ccf80000)
 Metaspace       used 30237K, capacity 30531K, committed 30976K, reserved 1077248K
  class space    used 3705K, capacity 3818K, committed 3840K, reserved 1048576K
Event: 9.922 GC heap after
Heap after GC invocations=10 (full 2):
 PSYoungGen      total 717312K, used 43639K [0x0000000715580000, 0x0000000746e00000, 0x00000007c0000000)
  eden space 636416K, 0% used [0x0000000715580000,0x0000000715580000,0x000000073c300000)
  from space 80896K, 53% used [0x0000000741f00000,0x000000074499def0,0x0000000746e00000)
  to   space 87552K, 0% used [0x000000073c300000,0x000000073c300000,0x0000000741880000)
 ParOldGen       total 212480K, used 112778K [0x00000005c0000000, 0x00000005ccf80000, 0x0000000715580000)
  object space 212480K, 53% used [0x00000005c0000000,0x00000005c6e22a18,0x00000005ccf80000)
 Metaspace       used 30237K, capacity 30531K, committed 30976K, reserved 1077248K
  class space    used 3705K, capacity 3818K, committed 3840K, reserved 1048576K
}

